<?xml version="1.0" encoding="UTF-8"?>
<testsuite name="AccountLogicIntegrationTest" tests="1" skipped="0" failures="0" errors="0" timestamp="2019-01-09T15:11:41" hostname="DESKTOP-76HSFAI" time="0.451">
  <properties/>
  <testcase name="testGetOffersFromAccount" classname="AccountLogicIntegrationTest" time="0.451"/>
  <system-out><![CDATA[16:11:29.078 [Test worker] DEBUG org.springframework.test.context.junit4.SpringJUnit4ClassRunner - SpringJUnit4ClassRunner constructor called with [class AccountLogicIntegrationTest]
16:11:29.107 [Test worker] DEBUG org.springframework.test.context.BootstrapUtils - Instantiating CacheAwareContextLoaderDelegate from class [org.springframework.test.context.cache.DefaultCacheAwareContextLoaderDelegate]
16:11:29.131 [Test worker] DEBUG org.springframework.test.context.BootstrapUtils - Instantiating BootstrapContext using constructor [public org.springframework.test.context.support.DefaultBootstrapContext(java.lang.Class,org.springframework.test.context.CacheAwareContextLoaderDelegate)]
16:11:29.185 [Test worker] DEBUG org.springframework.test.context.BootstrapUtils - Instantiating TestContextBootstrapper for test class [AccountLogicIntegrationTest] from class [org.springframework.boot.test.context.SpringBootTestContextBootstrapper]
16:11:29.218 [Test worker] INFO org.springframework.boot.test.context.SpringBootTestContextBootstrapper - Neither @ContextConfiguration nor @ContextHierarchy found for test class [AccountLogicIntegrationTest], using SpringBootContextLoader
16:11:29.226 [Test worker] DEBUG org.springframework.test.context.support.AbstractContextLoader - Did not detect default resource location for test class [AccountLogicIntegrationTest]: class path resource [AccountLogicIntegrationTest-context.xml] does not exist
16:11:29.227 [Test worker] DEBUG org.springframework.test.context.support.AbstractContextLoader - Did not detect default resource location for test class [AccountLogicIntegrationTest]: class path resource [AccountLogicIntegrationTestContext.groovy] does not exist
16:11:29.228 [Test worker] INFO org.springframework.test.context.support.AbstractContextLoader - Could not detect default resource locations for test class [AccountLogicIntegrationTest]: no resource found for suffixes {-context.xml, Context.groovy}.
16:11:29.325 [Test worker] DEBUG org.springframework.test.context.support.ActiveProfilesUtils - Could not find an 'annotation declaring class' for annotation type [org.springframework.test.context.ActiveProfiles] and class [AccountLogicIntegrationTest]
16:11:29.663 [Test worker] DEBUG org.springframework.boot.test.context.SpringBootTestContextBootstrapper - @TestExecutionListeners is not present for class [AccountLogicIntegrationTest]: using defaults.
16:11:29.667 [Test worker] INFO org.springframework.boot.test.context.SpringBootTestContextBootstrapper - Loaded default TestExecutionListener class names from location [META-INF/spring.factories]: [org.springframework.boot.test.autoconfigure.restdocs.RestDocsTestExecutionListener, org.springframework.boot.test.autoconfigure.web.client.MockRestServiceServerResetTestExecutionListener, org.springframework.boot.test.autoconfigure.web.servlet.MockMvcPrintOnlyOnFailureTestExecutionListener, org.springframework.boot.test.autoconfigure.web.servlet.WebDriverTestExecutionListener, org.springframework.boot.test.mock.mockito.MockitoTestExecutionListener, org.springframework.boot.test.mock.mockito.ResetMocksTestExecutionListener, org.springframework.test.context.web.ServletTestExecutionListener, org.springframework.test.context.support.DirtiesContextBeforeModesTestExecutionListener, org.springframework.test.context.support.DependencyInjectionTestExecutionListener, org.springframework.test.context.support.DirtiesContextTestExecutionListener, org.springframework.test.context.transaction.TransactionalTestExecutionListener, org.springframework.test.context.jdbc.SqlScriptsTestExecutionListener]
16:11:29.718 [Test worker] INFO org.springframework.boot.test.context.SpringBootTestContextBootstrapper - Using TestExecutionListeners: [org.springframework.test.context.web.ServletTestExecutionListener@41c111c1, org.springframework.test.context.support.DirtiesContextBeforeModesTestExecutionListener@7abbc42a, org.springframework.boot.test.mock.mockito.MockitoTestExecutionListener@67a352ab, org.springframework.boot.test.autoconfigure.SpringBootDependencyInjectionTestExecutionListener@61c333a0, org.springframework.test.context.support.DirtiesContextTestExecutionListener@28c56940, org.springframework.test.context.transaction.TransactionalTestExecutionListener@c7b62e6, org.springframework.test.context.jdbc.SqlScriptsTestExecutionListener@71305fc8, org.springframework.boot.test.autoconfigure.restdocs.RestDocsTestExecutionListener@9163c7d, org.springframework.boot.test.autoconfigure.web.client.MockRestServiceServerResetTestExecutionListener@a9adb76, org.springframework.boot.test.autoconfigure.web.servlet.MockMvcPrintOnlyOnFailureTestExecutionListener@5d21e491, org.springframework.boot.test.autoconfigure.web.servlet.WebDriverTestExecutionListener@2e1c2ee2, org.springframework.boot.test.mock.mockito.ResetMocksTestExecutionListener@16510a88]
16:11:29.726 [Test worker] DEBUG org.springframework.test.annotation.ProfileValueUtils - Retrieved @ProfileValueSourceConfiguration [null] for test class [AccountLogicIntegrationTest]
16:11:29.728 [Test worker] DEBUG org.springframework.test.annotation.ProfileValueUtils - Retrieved ProfileValueSource type [class org.springframework.test.annotation.SystemProfileValueSource] for class [AccountLogicIntegrationTest]
16:11:29.729 [Test worker] DEBUG org.springframework.test.annotation.ProfileValueUtils - Retrieved @ProfileValueSourceConfiguration [null] for test class [AccountLogicIntegrationTest]
16:11:29.730 [Test worker] DEBUG org.springframework.test.annotation.ProfileValueUtils - Retrieved ProfileValueSource type [class org.springframework.test.annotation.SystemProfileValueSource] for class [AccountLogicIntegrationTest]
16:11:29.741 [Test worker] DEBUG org.springframework.test.context.support.AbstractDirtiesContextTestExecutionListener - Before test class: context [DefaultTestContext@84a3e1f testClass = AccountLogicIntegrationTest, testInstance = [null], testMethod = [null], testException = [null], mergedContextConfiguration = [WebMergedContextConfiguration@6fc25ffe testClass = AccountLogicIntegrationTest, locations = '{}', classes = '{class com.kiddyMarket.App, class com.kiddyMarket.App}', contextInitializerClasses = '[]', activeProfiles = '{}', propertySourceLocations = '{}', propertySourceProperties = '{org.springframework.boot.test.context.SpringBootTestContextBootstrapper=true}', contextCustomizers = set[org.springframework.boot.test.autoconfigure.properties.PropertyMappingContextCustomizer@0, org.springframework.boot.test.autoconfigure.web.servlet.WebDriverContextCustomizerFactory$Customizer@4cca86b1, org.springframework.boot.test.context.filter.ExcludeFilterContextCustomizer@24e5c6f4, org.springframework.boot.test.json.DuplicateJsonObjectContextCustomizerFactory$DuplicateJsonObjectContextCustomizer@762b995c, org.springframework.boot.test.mock.mockito.MockitoContextCustomizer@0, org.springframework.boot.test.web.client.TestRestTemplateContextCustomizer@6c8a78dd, org.springframework.test.context.web.socket.MockServerContainerContextCustomizer@6edeca95], resourceBasePath = 'src/main/webapp', contextLoader = 'org.springframework.boot.test.context.SpringBootContextLoader', parent = [null]], attributes = map['org.springframework.test.context.web.ServletTestExecutionListener.activateListener' -> true]], class annotated with @DirtiesContext [false] with mode [null].
16:11:29.743 [Test worker] DEBUG org.springframework.test.annotation.ProfileValueUtils - Retrieved @ProfileValueSourceConfiguration [null] for test class [AccountLogicIntegrationTest]
16:11:29.743 [Test worker] DEBUG org.springframework.test.annotation.ProfileValueUtils - Retrieved ProfileValueSource type [class org.springframework.test.annotation.SystemProfileValueSource] for class [AccountLogicIntegrationTest]
16:11:29.807 [Test worker] DEBUG org.springframework.core.env.StandardEnvironment - Adding PropertySource 'systemProperties' with lowest search precedence
16:11:29.814 [Test worker] DEBUG org.springframework.core.env.StandardEnvironment - Adding PropertySource 'systemEnvironment' with lowest search precedence
16:11:29.815 [Test worker] DEBUG org.springframework.core.env.StandardEnvironment - Initialized StandardEnvironment with PropertySources [MapPropertySource@1486455306 {name='systemProperties', properties={sun.desktop=windows, awt.toolkit=sun.awt.windows.WToolkit, java.specification.version=10, file.encoding.pkg=sun.io, sun.cpu.isalist=amd64, sun.jnu.encoding=Cp1252, org.gradle.test.worker=4, java.class.path=C:\\Users\\Martijn\\.gradle\\caches\\4.8\\workerMain\\gradle-worker.jar;D:\\Documenten\\_School\\Semester3\\Groep\\Realisatie\\NewVersion\\KiddyMarket\\Web\\build\\classes\\java\\test;D:\\Documenten\\_School\\Semester3\\Groep\\Realisatie\\NewVersion\\KiddyMarket\\Web\\build\\resources\\test;D:\\Documenten\\_School\\Semester3\\Groep\\Realisatie\\NewVersion\\KiddyMarket\\Web\\build\\classes\\java\\main;D:\\Documenten\\_School\\Semester3\\Groep\\Realisatie\\NewVersion\\KiddyMarket\\Web\\build\\resources\\main;D:\\Documenten\\_School\\Semester3\\Groep\\Realisatie\\NewVersion\\KiddyMarket\\Services\\build\\libs\\com.kiddyMarket-services-1.0.jar;D:\\Documenten\\_School\\Semester3\\Groep\\Realisatie\\NewVersion\\KiddyMarket\\Data\\build\\libs\\com.kiddyMarket-data-1.0.jar;D:\\Documenten\\_School\\Semester3\\Groep\\Realisatie\\NewVersion\\KiddyMarket\\Domain\\build\\libs\\com.kiddyMarket-domain-1.0.jar;C:\\Users\\Martijn\\.gradle\\caches\\modules-2\\files-2.1\\org.springframework.boot\\spring-boot-starter-hateoas\\2.0.5.RELEASE\\66614d8ebc8fc0faf5c13a49d90b5459d60c8e3b\\spring-boot-starter-hateoas-2.0.5.RELEASE.jar;C:\\Users\\Martijn\\.gradle\\caches\\modules-2\\files-2.1\\org.springframework.boot\\spring-boot-starter-web\\2.0.5.RELEASE\\52daa1f1509bd637a737206e54c06a17aabb9504\\spring-boot-starter-web-2.0.5.RELEASE.jar;C:\\Users\\Martijn\\.gradle\\caches\\modules-2\\files-2.1\\org.springframework.boot\\spring-boot-starter-test\\2.0.5.RELEASE\\ab04ca2e76f6a8e786001352a81a10e4b0e7fbc8\\spring-boot-starter-test-2.0.5.RELEASE.jar;C:\\Users\\Martijn\\.gradle\\caches\\modules-2\\files-2.1\\org.springframework.boot\\spring-boot-starter-security\\2.0.5.RELEASE\\5a53ddfd9ebd108f914f390981d992bacabf29d3\\spring-boot-starter-security-2.0.5.RELEASE.jar;C:\\Users\\Martijn\\.gradle\\caches\\modules-2\\files-2.1\\io.springfox\\springfox-swagger2\\2.9.2\\362676bc7f4c6f9f1d568741becab0dfc198c898\\springfox-swagger2-2.9.2.jar;C:\\Users\\Martijn\\.gradle\\caches\\modules-2\\files-2.1\\io.springfox\\springfox-swagger-ui\\2.9.2\\d542382a88ff3ea8d4032c28b2b0325797fada7d\\springfox-swagger-ui-2.9.2.jar;C:\\Users\\Martijn\\.gradle\\caches\\modules-2\\files-2.1\\com.google.code.gson\\gson\\2.8.5\\f645ed69d595b24d4cf8b3fbb64cc505bede8829\\gson-2.8.5.jar;C:\\Users\\Martijn\\.gradle\\caches\\modules-2\\files-2.1\\com.h2database\\h2\\1.4.197\\bb391050048ca8ae3e32451b5a3714ecd3596a46\\h2-1.4.197.jar;C:\\Users\\Martijn\\.gradle\\caches\\modules-2\\files-2.1\\org.springframework.boot\\spring-boot-starter-json\\2.0.5.RELEASE\\d0052ded4733ceb1fb7d927238f22f9a92099227\\spring-boot-starter-json-2.0.5.RELEASE.jar;C:\\Users\\Martijn\\.gradle\\caches\\modules-2\\files-2.1\\org.springframework.boot\\spring-boot-starter-data-jpa\\2.0.5.RELEASE\\c99b58e8ada11478aa5d0c3065745b7e887f094e\\spring-boot-starter-data-jpa-2.0.5.RELEASE.jar;C:\\Users\\Martijn\\.gradle\\caches\\modules-2\\files-2.1\\org.springframework.boot\\spring-boot-starter-aop\\2.0.5.RELEASE\\6bc1e8bcc849772d48cae1e8278cd2b471361698\\spring-boot-starter-aop-2.0.5.RELEASE.jar;C:\\Users\\Martijn\\.gradle\\caches\\modules-2\\files-2.1\\org.springframework.boot\\spring-boot-starter-jdbc\\2.0.5.RELEASE\\9a5370acc7c5e17f4a00578211fbbd212b9a8329\\spring-boot-starter-jdbc-2.0.5.RELEASE.jar;C:\\Users\\Martijn\\.gradle\\caches\\modules-2\\files-2.1\\org.springframework.boot\\spring-boot-starter\\2.0.5.RELEASE\\1f53487a373be18d064a5815e9bac9882ef15cdc\\spring-boot-starter-2.0.5.RELEASE.jar;C:\\Users\\Martijn\\.gradle\\caches\\modules-2\\files-2.1\\org.springframework.boot\\spring-boot-starter-tomcat\\2.0.5.RELEASE\\eaac8a5d73b45400bc88cd7f6b5c99b5f0d5e9b7\\spring-boot-starter-tomcat-2.0.5.RELEASE.jar;C:\\Users\\Martijn\\.gradle\\caches\\modules-2\\files-2.1\\org.hibernate.validator\\hibernate-validator\\6.0.12.Final\\478003e61b056c1f97840ba3e62ff31cdc89597\\hibernate-validator-6.0.12.Final.jar;C:\\Users\\Martijn\\.gradle\\caches\\modules-2\\files-2.1\\org.springframework.hateoas\\spring-hateoas\\0.25.0.RELEASE\\22d1abd575426709734ab83e7d81d6deb4addbf6\\spring-hateoas-0.25.0.RELEASE.jar;C:\\Users\\Martijn\\.gradle\\caches\\modules-2\\files-2.1\\org.springframework\\spring-webmvc\\5.0.9.RELEASE\\c18346caaeb8dc648c4cc01874996fd9fef76664\\spring-webmvc-5.0.9.RELEASE.jar;C:\\Users\\Martijn\\.gradle\\caches\\modules-2\\files-2.1\\org.springframework.security\\spring-security-web\\5.0.8.RELEASE\\87b45329699c294ccd6df2507a1f703eca89e381\\spring-security-web-5.0.8.RELEASE.jar;C:\\Users\\Martijn\\.gradle\\caches\\modules-2\\files-2.1\\org.springframework\\spring-web\\5.0.9.RELEASE\\1ea3aab93340849313fa74ec626ddaf1fff9ed8e\\spring-web-5.0.9.RELEASE.jar;C:\\Users\\Martijn\\.gradle\\caches\\modules-2\\files-2.1\\org.springframework.boot\\spring-boot-test-autoconfigure\\2.0.5.RELEASE\\54d5e8f9e88c6236fe164474f0aed5a8a1052c43\\spring-boot-test-autoconfigure-2.0.5.RELEASE.jar;C:\\Users\\Martijn\\.gradle\\caches\\modules-2\\files-2.1\\org.springframework.boot\\spring-boot-test\\2.0.5.RELEASE\\ce6353f33217982357a6bdba6576015ea333304c\\spring-boot-test-2.0.5.RELEASE.jar;C:\\Users\\Martijn\\.gradle\\caches\\modules-2\\files-2.1\\com.jayway.jsonpath\\json-path\\2.4.0\\765a4401ceb2dc8d40553c2075eb80a8fa35c2ae\\json-path-2.4.0.jar;C:\\Users\\Martijn\\.gradle\\caches\\modules-2\\files-2.1\\junit\\junit\\4.12\\2973d150c0dc1fefe998f834810d68f278ea58ec\\junit-4.12.jar;C:\\Users\\Martijn\\.gradle\\caches\\modules-2\\files-2.1\\org.assertj\\assertj-core\\3.9.1\\c5ce126b15f28d56cd8f960c1a6a058b9c9aea87\\assertj-core-3.9.1.jar;C:\\Users\\Martijn\\.gradle\\caches\\modules-2\\files-2.1\\org.mockito\\mockito-core\\2.15.0\\b84bfbbc29cd22c9529409627af6ea2897f4fa85\\mockito-core-2.15.0.jar;C:\\Users\\Martijn\\.gradle\\caches\\modules-2\\files-2.1\\org.hamcrest\\hamcrest-library\\1.3\\4785a3c21320980282f9f33d0d1264a69040538f\\hamcrest-library-1.3.jar;C:\\Users\\Martijn\\.gradle\\caches\\modules-2\\files-2.1\\org.hamcrest\\hamcrest-core\\1.3\\42a25dc3219429f0e5d060061f71acb49bf010a0\\hamcrest-core-1.3.jar;C:\\Users\\Martijn\\.gradle\\caches\\modules-2\\files-2.1\\org.skyscreamer\\jsonassert\\1.5.0\\6c9d5fe2f59da598d9aefc1cfc6528ff3cf32df3\\jsonassert-1.5.0.jar;C:\\Users\\Martijn\\.gradle\\caches\\modules-2\\files-2.1\\org.springframework\\spring-test\\5.0.9.RELEASE\\218c8648f898453be92d550252e0ce2a84b54375\\spring-test-5.0.9.RELEASE.jar;C:\\Users\\Martijn\\.gradle\\caches\\modules-2\\files-2.1\\org.springframework.security\\spring-security-config\\5.0.8.RELEASE\\83a070861ad63c0dd5660d4529b9c37a3c9e3c50\\spring-security-config-5.0.8.RELEASE.jar;C:\\Users\\Martijn\\.gradle\\caches\\modules-2\\files-2.1\\io.springfox\\springfox-swagger-common\\2.9.2\\b38a41b3044af80cb7f41f67be5d158c9f6491ec\\springfox-swagger-common-2.9.2.jar;C:\\Users\\Martijn\\.gradle\\caches\\modules-2\\files-2.1\\io.springfox\\springfox-spring-web\\2.9.2\\ed2ed714a6cba8804d00f80f0534901e4c7a3211\\springfox-spring-web-2.9.2.jar;C:\\Users\\Martijn\\.gradle\\caches\\modules-2\\files-2.1\\io.springfox\\springfox-schema\\2.9.2\\e268f38774b16bb51a92ccaef0dcf3dc651c0cee\\springfox-schema-2.9.2.jar;C:\\Users\\Martijn\\.gradle\\caches\\modules-2\\files-2.1\\io.springfox\\springfox-spi\\2.9.2\\6ac686190a6ceaccdae8b50d03b0501d144a6666\\springfox-spi-2.9.2.jar;C:\\Users\\Martijn\\.gradle\\caches\\modules-2\\files-2.1\\io.springfox\\springfox-core\\2.9.2\\2e26f58939c594fb5c958c3a1c7bedf83d2f2702\\springfox-core-2.9.2.jar;C:\\Users\\Martijn\\.gradle\\caches\\modules-2\\files-2.1\\org.springframework.plugin\\spring-plugin-metadata\\1.2.0.RELEASE\\97223fc496b6cab31602eedbd4202aa4fff0d44f\\spring-plugin-metadata-1.2.0.RELEASE.jar;C:\\Users\\Martijn\\.gradle\\caches\\modules-2\\files-2.1\\org.springframework.plugin\\spring-plugin-core\\1.2.0.RELEASE\\f380e7760032e7d929184f8ad8a33716b75c0657\\spring-plugin-core-1.2.0.RELEASE.jar;C:\\Users\\Martijn\\.gradle\\caches\\modules-2\\files-2.1\\org.springframework.boot\\spring-boot-autoconfigure\\2.0.5.RELEASE\\e5588642799e0c0c04638e255c3d3f31ba400ff4\\spring-boot-autoconfigure-2.0.5.RELEASE.jar;C:\\Users\\Martijn\\.gradle\\caches\\modules-2\\files-2.1\\org.springframework.boot\\spring-boot\\2.0.5.RELEASE\\19a4624cbd89a318d10c79f289c6c816043850fb\\spring-boot-2.0.5.RELEASE.jar;C:\\Users\\Martijn\\.gradle\\caches\\modules-2\\files-2.1\\org.springframework.security\\spring-security-core\\5.0.8.RELEASE\\32a39026edcb6b7cd4567df2c75bd561d876f515\\spring-security-core-5.0.8.RELEASE.jar;C:\\Users\\Martijn\\.gradle\\caches\\modules-2\\files-2.1\\org.springframework.data\\spring-data-jpa\\2.0.10.RELEASE\\a6e644c363d050c6c90f078f4f0ac66892f60d54\\spring-data-jpa-2.0.10.RELEASE.jar;C:\\Users\\Martijn\\.gradle\\caches\\modules-2\\files-2.1\\org.springframework\\spring-context\\5.0.9.RELEASE\\2501e55acb6c2e84667cda3f845d1d00a0dc4e05\\spring-context-5.0.9.RELEASE.jar;C:\\Users\\Martijn\\.gradle\\caches\\modules-2\\files-2.1\\org.springframework\\spring-aop\\5.0.9.RELEASE\\98003b099697fe46b6bdf18c7e3f66d7a1381060\\spring-aop-5.0.9.RELEASE.jar;C:\\Users\\Martijn\\.gradle\\caches\\modules-2\\files-2.1\\org.springframework\\spring-orm\\5.0.9.RELEASE\\bb9265effd7c903f4cc1c98d16b4188b7827a1cc\\spring-orm-5.0.9.RELEASE.jar;C:\\Users\\Martijn\\.gradle\\caches\\modules-2\\files-2.1\\org.springframework\\spring-jdbc\\5.0.9.RELEASE\\2f38726ef2f5ecb72af7e915dac43177b01a8f53\\spring-jdbc-5.0.9.RELEASE.jar;C:\\Users\\Martijn\\.gradle\\caches\\modules-2\\files-2.1\\org.springframework.data\\spring-data-commons\\2.0.10.RELEASE\\64d4e58a2b16b9446d51a2650058d821a5bce98d\\spring-data-commons-2.0.10.RELEASE.jar;C:\\Users\\Martijn\\.gradle\\caches\\modules-2\\files-2.1\\org.springframework\\spring-tx\\5.0.9.RELEASE\\d3a13fc3c56bdddd8144a686ed64f0cdb3ad7305\\spring-tx-5.0.9.RELEASE.jar;C:\\Users\\Martijn\\.gradle\\caches\\modules-2\\files-2.1\\org.springframework\\spring-beans\\5.0.9.RELEASE\\65f56fdab1bb90ad059e314d2f2f4cf76f9bdbde\\spring-beans-5.0.9.RELEASE.jar;C:\\Users\\Martijn\\.gradle\\caches\\modules-2\\files-2.1\\org.springframework\\spring-expression\\5.0.9.RELEASE\\1f9db5ff3a758102c0434cc3457aa47c50c39a4a\\spring-expression-5.0.9.RELEASE.jar;C:\\Users\\Martijn\\.gradle\\caches\\modules-2\\files-2.1\\org.springframework\\spring-core\\5.0.9.RELEASE\\9f9a828936d81afd49a603bda9cc1aed863a0d85\\spring-core-5.0.9.RELEASE.jar;C:\\Users\\Martijn\\.gradle\\caches\\modules-2\\files-2.1\\org.xmlunit\\xmlunit-core\\2.5.1\\4ffdb346572a7356f7521cd3119ce5287d2e339d\\xmlunit-core-2.5.1.jar;C:\\Users\\Martijn\\.gradle\\caches\\modules-2\\files-2.1\\io.swagger\\swagger-models\\1.5.20\\fb3a23bad80c5ed84db9dd150db2cba699531458\\swagger-models-1.5.20.jar;C:\\Users\\Martijn\\.gradle\\caches\\modules-2\\files-2.1\\io.swagger\\swagger-annotations\\1.5.20\\16051f93ce11ca489a5313775d825f82fcc2cd6c\\swagger-annotations-1.5.20.jar;C:\\Users\\Martijn\\.gradle\\caches\\modules-2\\files-2.1\\com.google.guava\\guava\\20.0\\89507701249388e1ed5ddcf8c41f4ce1be7831ef\\guava-20.0.jar;C:\\Users\\Martijn\\.gradle\\caches\\modules-2\\files-2.1\\org.hibernate\\hibernate-core\\5.2.17.Final\\f2dc36470e7a2ffcf6106bb1625ecf5b54bb5f65\\hibernate-core-5.2.17.Final.jar;C:\\Users\\Martijn\\.gradle\\caches\\modules-2\\files-2.1\\com.fasterxml\\classmate\\1.3.4\\3d5f48f10bbe4eb7bd862f10c0583be2e0053c6\\classmate-1.3.4.jar;C:\\Users\\Martijn\\.gradle\\caches\\modules-2\\files-2.1\\io.jsonwebtoken\\jjwt\\0.2\\91e12a0c77d8ea7dc97c60e3db85659325dd2e93\\jjwt-0.2.jar;C:\\Users\\Martijn\\.gradle\\caches\\modules-2\\files-2.1\\org.springframework.boot\\spring-boot-starter-logging\\2.0.5.RELEASE\\c353e0b9591d0765c687ff0a678478cbebfd5c23\\spring-boot-starter-logging-2.0.5.RELEASE.jar;C:\\Users\\Martijn\\.gradle\\caches\\modules-2\\files-2.1\\ch.qos.logback\\logback-classic\\1.2.3\\7c4f3c474fb2c041d8028740440937705ebb473a\\logback-classic-1.2.3.jar;C:\\Users\\Martijn\\.gradle\\caches\\modules-2\\files-2.1\\org.apache.logging.log4j\\log4j-to-slf4j\\2.10.0\\f7e631ccf49cfc0aefa4a2a728da7d374c05bd3c\\log4j-to-slf4j-2.10.0.jar;C:\\Users\\Martijn\\.gradle\\caches\\modules-2\\files-2.1\\org.slf4j\\jul-to-slf4j\\1.7.25\\af5364cd6679bfffb114f0dec8a157aaa283b76\\jul-to-slf4j-1.7.25.jar;C:\\Users\\Martijn\\.gradle\\caches\\modules-2\\files-2.1\\com.zaxxer\\HikariCP\\2.7.9\\a83113d2c091d0d0f853dad3217bd7df3beb6ae3\\HikariCP-2.7.9.jar;C:\\Users\\Martijn\\.gradle\\caches\\modules-2\\files-2.1\\org.slf4j\\slf4j-api\\1.7.25\\da76ca59f6a57ee3102f8f9bd9cee742973efa8a\\slf4j-api-1.7.25.jar;C:\\Users\\Martijn\\.gradle\\caches\\modules-2\\files-2.1\\org.mapstruct\\mapstruct\\1.2.0.Final\\8609d6eb044e9f6c73cb24c8f2f4ed5c72a249c7\\mapstruct-1.2.0.Final.jar;C:\\Users\\Martijn\\.gradle\\caches\\modules-2\\files-2.1\\com.fasterxml.jackson.datatype\\jackson-datatype-jdk8\\2.9.6\\456895fc91bf7180b216fead220373e6278230c9\\jackson-datatype-jdk8-2.9.6.jar;C:\\Users\\Martijn\\.gradle\\caches\\modules-2\\files-2.1\\com.fasterxml.jackson.datatype\\jackson-datatype-jsr310\\2.9.6\\ea54f6193d224e5e5732bbd4262327eb465397c2\\jackson-datatype-jsr310-2.9.6.jar;C:\\Users\\Martijn\\.gradle\\caches\\modules-2\\files-2.1\\com.fasterxml.jackson.module\\jackson-module-parameter-names\\2.9.6\\129acd77a4b6ee30d62d3a0899b1344c8ec2bff8\\jackson-module-parameter-names-2.9.6.jar;C:\\Users\\Martijn\\.gradle\\caches\\modules-2\\files-2.1\\com.fasterxml.jackson.core\\jackson-databind\\2.9.6\\cfa4f316351a91bfd95cb0644c6a2c95f52db1fc\\jackson-databind-2.9.6.jar;C:\\Users\\Martijn\\.gradle\\caches\\modules-2\\files-2.1\\com.fasterxml.jackson.core\\jackson-core\\2.9.6\\4e393793c37c77e042ccc7be5a914ae39251b365\\jackson-core-2.9.6.jar;C:\\Users\\Martijn\\.gradle\\caches\\modules-2\\files-2.1\\com.fasterxml.jackson.core\\jackson-annotations\\2.9.0\\7c10d545325e3a6e72e06381afe469fd40eb701\\jackson-annotations-2.9.0.jar;C:\\Users\\Martijn\\.gradle\\caches\\modules-2\\files-2.1\\javax.xml.bind\\jaxb-api\\2.3.0\\99f802e0cb3e953ba3d6e698795c4aeb98d37c48\\jaxb-api-2.3.0.jar;C:\\Users\\Martijn\\.gradle\\caches\\modules-2\\files-2.1\\com.microsoft.sqlserver\\mssql-jdbc\\6.2.2.jre8\\a9ee2b0234f623f49fad888550011035b99d0861\\mssql-jdbc-6.2.2.jre8.jar;C:\\Users\\Martijn\\.gradle\\caches\\modules-2\\files-2.1\\org.mindrot\\jbcrypt\\0.4\\af7e61017f73abb18ac4e036954f9f28c6366c07\\jbcrypt-0.4.jar;C:\\Users\\Martijn\\.gradle\\caches\\modules-2\\files-2.1\\javax.annotation\\javax.annotation-api\\1.3.2\\934c04d3cfef185a8008e7bf34331b79730a9d43\\javax.annotation-api-1.3.2.jar;C:\\Users\\Martijn\\.gradle\\caches\\modules-2\\files-2.1\\org.yaml\\snakeyaml\\1.19\\2d998d3d674b172a588e54ab619854d073f555b5\\snakeyaml-1.19.jar;C:\\Users\\Martijn\\.gradle\\caches\\modules-2\\files-2.1\\org.apache.tomcat.embed\\tomcat-embed-websocket\\8.5.34\\5f86906367c2540b21e6aeecc277d2ce9ec939b0\\tomcat-embed-websocket-8.5.34.jar;C:\\Users\\Martijn\\.gradle\\caches\\modules-2\\files-2.1\\org.apache.tomcat.embed\\tomcat-embed-core\\8.5.34\\a038040d68a90397f95dd1e11b979fe364a5000f\\tomcat-embed-core-8.5.34.jar;C:\\Users\\Martijn\\.gradle\\caches\\modules-2\\files-2.1\\org.apache.tomcat.embed\\tomcat-embed-el\\8.5.34\\be71a9a5bdd001db7cf97c47429eec0bdd3b7b88\\tomcat-embed-el-8.5.34.jar;C:\\Users\\Martijn\\.gradle\\caches\\modules-2\\files-2.1\\javax.validation\\validation-api\\2.0.1.Final\\cb855558e6271b1b32e716d24cb85c7f583ce09e\\validation-api-2.0.1.Final.jar;C:\\Users\\Martijn\\.gradle\\caches\\modules-2\\files-2.1\\org.hibernate.common\\hibernate-commons-annotations\\5.0.1.Final\\71e1cff3fcb20d3b3af4f3363c3ddb24d33c6879\\hibernate-commons-annotations-5.0.1.Final.jar;C:\\Users\\Martijn\\.gradle\\caches\\modules-2\\files-2.1\\org.jboss.logging\\jboss-logging\\3.3.2.Final\\3789d00e859632e6c6206adc0c71625559e6e3b0\\jboss-logging-3.3.2.Final.jar;C:\\Users\\Martijn\\.gradle\\caches\\modules-2\\files-2.1\\net.minidev\\json-smart\\2.3\\7396407491352ce4fa30de92efb158adb76b5b\\json-smart-2.3.jar;C:\\Users\\Martijn\\.gradle\\caches\\modules-2\\files-2.1\\net.bytebuddy\\byte-buddy\\1.7.11\\f02857a4e2c66ccbe7aaad6100a0a6c461bce9b3\\byte-buddy-1.7.11.jar;C:\\Users\\Martijn\\.gradle\\caches\\modules-2\\files-2.1\\net.bytebuddy\\byte-buddy-agent\\1.7.11\\b425a8933ca07edd03c6dbc8bc3b595fba9780de\\byte-buddy-agent-1.7.11.jar;C:\\Users\\Martijn\\.gradle\\caches\\modules-2\\files-2.1\\org.objenesis\\objenesis\\2.6\\639033469776fd37c08358c6b92a4761feb2af4b\\objenesis-2.6.jar;C:\\Users\\Martijn\\.gradle\\caches\\modules-2\\files-2.1\\com.vaadin.external.google\\android-json\\0.0.20131108.vaadin1\\fa26d351fe62a6a17f5cda1287c1c6110dec413f\\android-json-0.0.20131108.vaadin1.jar;C:\\Users\\Martijn\\.gradle\\caches\\modules-2\\files-2.1\\org.springframework\\spring-jcl\\5.0.9.RELEASE\\bc3b5aaae53f0bc03647e53ecbd98a05b47a4e90\\spring-jcl-5.0.9.RELEASE.jar;C:\\Users\\Martijn\\.gradle\\caches\\modules-2\\files-2.1\\javax.transaction\\javax.transaction-api\\1.2\\d81aff979d603edd90dcd8db2abc1f4ce6479e3e\\javax.transaction-api-1.2.jar;C:\\Users\\Martijn\\.gradle\\caches\\modules-2\\files-2.1\\org.springframework\\spring-aspects\\5.0.9.RELEASE\\dfb2da4c573391d8e8a482f08bdf4d38398e2bb0\\spring-aspects-5.0.9.RELEASE.jar;C:\\Users\\Martijn\\.gradle\\caches\\modules-2\\files-2.1\\net.minidev\\accessors-smart\\1.2\\c592b500269bfde36096641b01238a8350f8aa31\\accessors-smart-1.2.jar;C:\\Users\\Martijn\\.gradle\\caches\\modules-2\\files-2.1\\org.aspectj\\aspectjweaver\\1.8.13\\ad94df2a28d658a40dc27bbaff6a1ce5fbf04e9b\\aspectjweaver-1.8.13.jar;C:\\Users\\Martijn\\.gradle\\caches\\modules-2\\files-2.1\\org.hibernate.javax.persistence\\hibernate-jpa-2.1-api\\1.0.2.Final\\52afb5762c704a6b586e27742470c08f91877fc1\\hibernate-jpa-2.1-api-1.0.2.Final.jar;C:\\Users\\Martijn\\.gradle\\caches\\modules-2\\files-2.1\\org.javassist\\javassist\\3.22.0-GA\\3e83394258ae2089be7219b971ec21a8288528ad\\javassist-3.22.0-GA.jar;C:\\Users\\Martijn\\.gradle\\caches\\modules-2\\files-2.1\\antlr\\antlr\\2.7.7\\83cd2cd674a217ade95a4bb83a8a14f351f48bd0\\antlr-2.7.7.jar;C:\\Users\\Martijn\\.gradle\\caches\\modules-2\\files-2.1\\org.jboss\\jandex\\2.0.3.Final\\bfc4d6257dbff7a33a357f0de116be6ff951d849\\jandex-2.0.3.Final.jar;C:\\Users\\Martijn\\.gradle\\caches\\modules-2\\files-2.1\\dom4j\\dom4j\\1.6.1\\5d3ccc056b6f056dbf0dddfdf43894b9065a8f94\\dom4j-1.6.1.jar;C:\\Users\\Martijn\\.gradle\\caches\\modules-2\\files-2.1\\ch.qos.logback\\logback-core\\1.2.3\\864344400c3d4d92dfeb0a305dc87d953677c03c\\logback-core-1.2.3.jar;C:\\Users\\Martijn\\.gradle\\caches\\modules-2\\files-2.1\\org.apache.logging.log4j\\log4j-api\\2.10.0\\fec5797a55b786184a537abd39c3fa1449d752d6\\log4j-api-2.10.0.jar;C:\\Users\\Martijn\\.gradle\\caches\\modules-2\\files-2.1\\org.ow2.asm\\asm\\5.0.4\\da08b8cce7bbf903602a25a3a163ae252435795\\asm-5.0.4.jar, java.vm.vendor="Oracle Corporation", sun.arch.data.model=64, user.variant=, java.vendor.url=http://java.oracle.com/, user.timezone=Europe/Berlin, os.name=Windows 10, java.vm.specification.version=10, user.country=NL, sun.java.launcher=SUN_STANDARD, sun.boot.library.path=C:\Program Files\Java\jdk-10.0.2\bin, sun.java.command=worker.org.gradle.process.internal.worker.GradleWorkerMain 'Gradle Test Executor 4', jdk.debug=release, sun.cpu.endian=little, user.home=C:\Users\Martijn, user.language=nl, java.specification.vendor=Oracle Corporation, org.gradle.native=false, java.version.date=2018-07-17, java.home=C:\Program Files\Java\jdk-10.0.2, file.separator=\, java.vm.compressedOopsMode=Zero based, line.separator=
, java.specification.name=Java Platform API Specification, java.vm.specification.vendor=Oracle Corporation, java.awt.graphicsenv=sun.awt.Win32GraphicsEnvironment, user.script=, sun.management.compiler=HotSpot 64-Bit Tiered Compilers, java.runtime.version=10.0.2+13, user.name=Martijn, path.separator=;, os.version=10.0, java.runtime.name=Java(TM) SE Runtime Environment, file.encoding=windows-1252, java.vm.name=Java HotSpot(TM) 64-Bit Server VM, java.vendor.version=18.3, java.vendor.url.bug=http://bugreport.java.com/bugreport/, java.io.tmpdir=C:\Users\Martijn\AppData\Local\Temp\, java.version=10.0.2, user.dir=D:\Documenten\_School\Semester3\Groep\Realisatie\NewVersion\KiddyMarket\Web, os.arch=amd64, java.vm.specification.name=Java Virtual Machine Specification, java.awt.printerjob=sun.awt.windows.WPrinterJob, sun.os.patch.level=, java.library.path=C:\Program Files\Java\jdk-10.0.2\bin;C:\WINDOWS\Sun\Java\bin;C:\WINDOWS\system32;C:\WINDOWS;C:\Program Files (x86)\Common Files\Oracle\Java\javapath;C:\ProgramData\Oracle\Java\javapath;C:\Program Files (x86)\Intel\iCLS Client\;C:\Program Files\Intel\iCLS Client\;C:\Windows\system32;C:\Windows;C:\Windows\System32\Wbem;C:\Windows\System32\WindowsPowerShell\v1.0\;C:\Program Files (x86)\Intel\Intel(R) Management Engine Components\DAL;C:\Program Files\Intel\Intel(R) Management Engine Components\DAL;C:\Program Files (x86)\Intel\Intel(R) Management Engine Components\IPT;C:\Program Files\Intel\Intel(R) Management Engine Components\IPT;C:\WINDOWS\system32;C:\WINDOWS;C:\WINDOWS\System32\Wbem;C:\WINDOWS\System32\WindowsPowerShell\v1.0\;C:\Users\Martijn\.dnx\bin;C:\Program Files\Microsoft DNX\Dnvm\;C:\Program Files\Microsoft SQL Server\130\Tools\Binn\;C:\Program Files (x86)\GtkSharp\2.12\bin;C:\Program Files\Intel\WiFi\bin\;C:\Program Files\Common Files\Intel\WirelessCommon\;C:\Program Files\dotnet\;C:\Program Files\Common Files\Autodesk Shared\;C:\Program Files (x86)\Autodesk\Backburner\;D:\Software\Node\;C:\WINDOWS\System32\OpenSSH\;C:\Program Files\Microsoft\Web Platform Installer\;D:\Software\Git\cmd;C:\Program Files\NVIDIA Corporation\NVIDIA NvDLISR;C:\Program Files (x86)\NVIDIA Corporation\PhysX\Common;C:\Users\Martijn\AppData\Local\Microsoft\WindowsApps;C:\Users\Martijn\AppData\Roaming\npm;C:\Users\Martijn\AppData\Local\Microsoft\WindowsApps;D:\Software\Microsoft VS Code\bin;., java.vendor=Oracle Corporation, java.vm.info=mixed mode, java.vm.version=10.0.2+13, sun.io.unicode.encoding=UnicodeLittle, java.class.version=54.0}}, SystemEnvironmentPropertySource@1389824366 {name='systemEnvironment', properties={USERDOMAIN_ROAMINGPROFILE=DESKTOP-76HSFAI, ADSK_3DSMAX_SDK_2018=D:\Software\Maya\3ds Max 2018 SDK\maxsdk, LOCALAPPDATA=C:\Users\Martijn\AppData\Local, PROCESSOR_LEVEL=6, MDL_SYSTEM_PATH=C:\ProgramData\NVIDIA Corporation\mdl\, VS140COMNTOOLS=D:\Misc\VisualStudio\Common7\Tools\, USERDOMAIN=DESKTOP-76HSFAI, FPS_BROWSER_APP_PROFILE_STRING=Internet Explorer, LOGONSERVER=\\DESKTOP-76HSFAI, FSHARPINSTALLDIR=C:\Program Files (x86)\Microsoft SDKs\F#\10.1\Framework\v4.0\, SESSIONNAME=Console, ALLUSERSPROFILE=C:\ProgramData, PROCESSOR_ARCHITECTURE=AMD64, PSModulePath=C:\Program Files\WindowsPowerShell\Modules;C:\WINDOWS\system32\WindowsPowerShell\v1.0\Modules, SystemDrive=C:, ADSK_3DSMAX_x64_2018=D:\Software\Maya\3ds Max 2018\, OneDrive=C:\Users\Martijn\OneDrive, APPDATA=C:\Users\Martijn\AppData\Roaming, GTK_BASEPATH=C:\Program Files (x86)\GtkSharp\2.12\, USERNAME=Martijn, ProgramFiles(x86)=C:\Program Files (x86), CommonProgramFiles=C:\Program Files\Common Files, Path=C:\Program Files (x86)\Common Files\Oracle\Java\javapath;C:\ProgramData\Oracle\Java\javapath;C:\Program Files (x86)\Intel\iCLS Client\;C:\Program Files\Intel\iCLS Client\;C:\Windows\system32;C:\Windows;C:\Windows\System32\Wbem;C:\Windows\System32\WindowsPowerShell\v1.0\;C:\Program Files (x86)\Intel\Intel(R) Management Engine Components\DAL;C:\Program Files\Intel\Intel(R) Management Engine Components\DAL;C:\Program Files (x86)\Intel\Intel(R) Management Engine Components\IPT;C:\Program Files\Intel\Intel(R) Management Engine Components\IPT;C:\WINDOWS\system32;C:\WINDOWS;C:\WINDOWS\System32\Wbem;C:\WINDOWS\System32\WindowsPowerShell\v1.0\;C:\Users\Martijn\.dnx\bin;C:\Program Files\Microsoft DNX\Dnvm\;C:\Program Files\Microsoft SQL Server\130\Tools\Binn\;C:\Program Files (x86)\GtkSharp\2.12\bin;C:\Program Files\Intel\WiFi\bin\;C:\Program Files\Common Files\Intel\WirelessCommon\;C:\Program Files\dotnet\;C:\Program Files\Common Files\Autodesk Shared\;C:\Program Files (x86)\Autodesk\Backburner\;D:\Software\Node\;C:\WINDOWS\System32\OpenSSH\;C:\Program Files\Microsoft\Web Platform Installer\;D:\Software\Git\cmd;C:\Program Files\NVIDIA Corporation\NVIDIA NvDLISR;C:\Program Files (x86)\NVIDIA Corporation\PhysX\Common;C:\Users\Martijn\AppData\Local\Microsoft\WindowsApps;C:\Users\Martijn\AppData\Roaming\npm;C:\Users\Martijn\AppData\Local\Microsoft\WindowsApps;D:\Software\Microsoft VS Code\bin, FPS_BROWSER_USER_PROFILE_STRING=Default, PATHEXT=.COM;.EXE;.BAT;.CMD;.VBS;.VBE;.JS;.JSE;.WSF;.WSH;.MSC, DriverData=C:\Windows\System32\Drivers\DriverData, OS=Windows_NT, COMPUTERNAME=DESKTOP-76HSFAI, ADSK_CLM_WPAD_PROXY_CHECK=FALSE, PROCESSOR_REVISION=5e03, CommonProgramW6432=C:\Program Files\Common Files, ComSpec=C:\WINDOWS\system32\cmd.exe, ProgramData=C:\ProgramData, ProgramW6432=C:\Program Files, HOMEPATH=\Users\Martijn, SystemRoot=C:\WINDOWS, TEMP=C:\Users\Martijn\AppData\Local\Temp, HOMEDRIVE=C:, PROCESSOR_IDENTIFIER=Intel64 Family 6 Model 94 Stepping 3, GenuineIntel, USERPROFILE=C:\Users\Martijn, TMP=C:\Users\Martijn\AppData\Local\Temp, CommonProgramFiles(x86)=C:\Program Files (x86)\Common Files, ProgramFiles=C:\Program Files, PUBLIC=C:\Users\Public, NUMBER_OF_PROCESSORS=8, windir=C:\WINDOWS, =::=::\}}]
16:11:29.824 [Test worker] DEBUG org.springframework.test.context.support.TestPropertySourceUtils - Adding inlined properties to environment: {spring.jmx.enabled=false, org.springframework.boot.test.context.SpringBootTestContextBootstrapper=true, server.port=-1}
16:11:29.826 [Test worker] DEBUG org.springframework.core.env.StandardEnvironment - Adding PropertySource 'Inlined Test Properties' with highest search precedence

  .   ____          _            __ _ _
 /\\ / ___'_ __ _ _(_)_ __  __ _ \ \ \ \
( ( )\___ | '_ | '_| | '_ \/ _` | \ \ \ \
 \\/  ___)| |_)| | | | | || (_| |  ) ) ) )
  '  |____| .__|_| |_|_| |_\__, | / / / /
 =========|_|==============|___/=/_/_/_/
 :: Spring Boot ::        (v2.0.5.RELEASE)

2019-01-09 16:11:30.435  INFO 16752 --- [    Test worker] AccountLogicIntegrationTest              : Starting AccountLogicIntegrationTest on DESKTOP-76HSFAI with PID 16752 (started by Martijn in D:\Documenten\_School\Semester3\Groep\Realisatie\NewVersion\KiddyMarket\Web)
2019-01-09 16:11:30.437  INFO 16752 --- [    Test worker] AccountLogicIntegrationTest              : No active profile set, falling back to default profiles: default
2019-01-09 16:11:30.533  INFO 16752 --- [    Test worker] o.s.w.c.s.GenericWebApplicationContext   : Refreshing org.springframework.web.context.support.GenericWebApplicationContext@40d764e2: startup date [Wed Jan 09 16:11:30 CET 2019]; root of context hierarchy
2019-01-09 16:11:33.510  INFO 16752 --- [    Test worker] trationDelegate$BeanPostProcessorChecker : Bean 'org.springframework.transaction.annotation.ProxyTransactionManagementConfiguration' of type [org.springframework.transaction.annotation.ProxyTransactionManagementConfiguration$$EnhancerBySpringCGLIB$$19660151] is not eligible for getting processed by all BeanPostProcessors (for example: not eligible for auto-proxying)
2019-01-09 16:11:33.598  INFO 16752 --- [    Test worker] trationDelegate$BeanPostProcessorChecker : Bean 'org.springframework.hateoas.config.HateoasConfiguration' of type [org.springframework.hateoas.config.HateoasConfiguration$$EnhancerBySpringCGLIB$$98e64e83] is not eligible for getting processed by all BeanPostProcessors (for example: not eligible for auto-proxying)
2019-01-09 16:11:33.989  INFO 16752 --- [    Test worker] com.zaxxer.hikari.HikariDataSource       : HikariPool-1 - Starting...
2019-01-09 16:11:34.576  INFO 16752 --- [    Test worker] com.zaxxer.hikari.HikariDataSource       : HikariPool-1 - Start completed.
2019-01-09 16:11:34.661  INFO 16752 --- [    Test worker] j.LocalContainerEntityManagerFactoryBean : Building JPA container EntityManagerFactory for persistence unit 'default'
2019-01-09 16:11:34.695  INFO 16752 --- [    Test worker] o.hibernate.jpa.internal.util.LogHelper  : HHH000204: Processing PersistenceUnitInfo [
	name: default
	...]
2019-01-09 16:11:34.868  INFO 16752 --- [    Test worker] org.hibernate.Version                    : HHH000412: Hibernate Core {5.2.17.Final}
2019-01-09 16:11:34.871  INFO 16752 --- [    Test worker] org.hibernate.cfg.Environment            : HHH000206: hibernate.properties not found
2019-01-09 16:11:34.944  INFO 16752 --- [    Test worker] o.hibernate.annotations.common.Version   : HCANN000001: Hibernate Commons Annotations {5.0.1.Final}
2019-01-09 16:11:35.214  INFO 16752 --- [    Test worker] org.hibernate.dialect.Dialect            : HHH000400: Using dialect: org.hibernate.dialect.SQLServer2012Dialect
2019-01-09 16:11:36.746  INFO 16752 --- [    Test worker] j.LocalContainerEntityManagerFactoryBean : Initialized JPA EntityManagerFactory for persistence unit 'default'
2019-01-09 16:11:38.074  WARN 16752 --- [    Test worker] aWebConfiguration$JpaWebMvcConfiguration : spring.jpa.open-in-view is enabled by default. Therefore, database queries may be performed during view rendering. Explicitly configure spring.jpa.open-in-view to disable this warning
2019-01-09 16:11:38.174  INFO 16752 --- [    Test worker] s.w.s.m.m.a.RequestMappingHandlerMapping : Mapped "{[/accounts/tokens/{id}],methods=[GET]}" onto public org.springframework.http.ResponseEntity<java.lang.Integer> com.kiddyMarket.Controllers.AccountController.getBuyTokens(int)
2019-01-09 16:11:38.176  INFO 16752 --- [    Test worker] s.w.s.m.m.a.RequestMappingHandlerMapping : Mapped "{[/accounts/offers/new/{id}],methods=[GET]}" onto public org.springframework.http.ResponseEntity<java.lang.Iterable<com.kiddyMarket.Entities.Offer>> com.kiddyMarket.Controllers.AccountController.getAllNewOffersFromAccount(int)
2019-01-09 16:11:38.176  INFO 16752 --- [    Test worker] s.w.s.m.m.a.RequestMappingHandlerMapping : Mapped "{[/accounts/offers/{id}],methods=[GET]}" onto public org.springframework.http.ResponseEntity<java.util.List<com.kiddyMarket.Entities.Offer>> com.kiddyMarket.Controllers.AccountController.getAllOffersFromAccount(int)
2019-01-09 16:11:38.177  INFO 16752 --- [    Test worker] s.w.s.m.m.a.RequestMappingHandlerMapping : Mapped "{[/accounts],methods=[POST]}" onto public org.springframework.http.ResponseEntity<com.kiddyMarket.Entities.Wrappers.AccountWrapper> com.kiddyMarket.Controllers.AccountController.createAccount(com.kiddyMarket.Entities.Wrappers.AccountFormWrapper)
2019-01-09 16:11:38.179  INFO 16752 --- [    Test worker] s.w.s.m.m.a.RequestMappingHandlerMapping : Mapped "{[/accounts/{id}],methods=[DELETE]}" onto public void com.kiddyMarket.Controllers.AccountController.deleteAccount(int)
2019-01-09 16:11:38.179  INFO 16752 --- [    Test worker] s.w.s.m.m.a.RequestMappingHandlerMapping : Mapped "{[/accounts/offers/new/{id}],methods=[PUT]}" onto public void com.kiddyMarket.Controllers.AccountController.updateOfferNews(int)
2019-01-09 16:11:38.182  INFO 16752 --- [    Test worker] s.w.s.m.m.a.RequestMappingHandlerMapping : Mapped "{[/offers],methods=[PUT]}" onto public org.springframework.http.ResponseEntity<com.kiddyMarket.Entities.Offer> com.kiddyMarket.Controllers.OfferController.updateOffer(org.springframework.security.core.Authentication,com.kiddyMarket.Entities.Offer)
2019-01-09 16:11:38.183  INFO 16752 --- [    Test worker] s.w.s.m.m.a.RequestMappingHandlerMapping : Mapped "{[/offers],methods=[POST]}" onto public org.springframework.http.ResponseEntity<com.kiddyMarket.Entities.Offer> com.kiddyMarket.Controllers.OfferController.createOffer(org.springframework.security.core.Authentication,com.kiddyMarket.Entities.Offer)
2019-01-09 16:11:38.183  INFO 16752 --- [    Test worker] s.w.s.m.m.a.RequestMappingHandlerMapping : Mapped "{[/offers/accept],methods=[POST]}" onto public void com.kiddyMarket.Controllers.OfferController.acceptOffer(org.springframework.security.core.Authentication,com.kiddyMarket.Wrapper.OfferAcceptWrapper)
2019-01-09 16:11:38.184  INFO 16752 --- [    Test worker] s.w.s.m.m.a.RequestMappingHandlerMapping : Mapped "{[/offers/{id}],methods=[DELETE]}" onto public void com.kiddyMarket.Controllers.OfferController.deleteOffer(org.springframework.security.core.Authentication,int)
2019-01-09 16:11:38.184  INFO 16752 --- [    Test worker] s.w.s.m.m.a.RequestMappingHandlerMapping : Mapped "{[/offers/{id}],methods=[GET]}" onto public org.springframework.http.ResponseEntity<com.kiddyMarket.Entities.Wrappers.OfferItemWrapper> com.kiddyMarket.Controllers.OfferController.getOffer(int)
2019-01-09 16:11:38.185  INFO 16752 --- [    Test worker] s.w.s.m.m.a.RequestMappingHandlerMapping : Mapped "{[/offers/all],methods=[GET]}" onto public org.springframework.http.ResponseEntity<java.lang.Iterable<com.kiddyMarket.Entities.Offer>> com.kiddyMarket.Controllers.OfferController.getAllOffers()
2019-01-09 16:11:38.188  INFO 16752 --- [    Test worker] s.w.s.m.m.a.RequestMappingHandlerMapping : Mapped "{[/swagger-resources/configuration/security]}" onto public org.springframework.http.ResponseEntity<springfox.documentation.swagger.web.SecurityConfiguration> springfox.documentation.swagger.web.ApiResourceController.securityConfiguration()
2019-01-09 16:11:38.189  INFO 16752 --- [    Test worker] s.w.s.m.m.a.RequestMappingHandlerMapping : Mapped "{[/swagger-resources]}" onto public org.springframework.http.ResponseEntity<java.util.List<springfox.documentation.swagger.web.SwaggerResource>> springfox.documentation.swagger.web.ApiResourceController.swaggerResources()
2019-01-09 16:11:38.190  INFO 16752 --- [    Test worker] s.w.s.m.m.a.RequestMappingHandlerMapping : Mapped "{[/swagger-resources/configuration/ui]}" onto public org.springframework.http.ResponseEntity<springfox.documentation.swagger.web.UiConfiguration> springfox.documentation.swagger.web.ApiResourceController.uiConfiguration()
2019-01-09 16:11:38.195  INFO 16752 --- [    Test worker] s.w.s.m.m.a.RequestMappingHandlerMapping : Mapped "{[/error],produces=[text/html]}" onto public org.springframework.web.servlet.ModelAndView org.springframework.boot.autoconfigure.web.servlet.error.BasicErrorController.errorHtml(javax.servlet.http.HttpServletRequest,javax.servlet.http.HttpServletResponse)
2019-01-09 16:11:38.196  INFO 16752 --- [    Test worker] s.w.s.m.m.a.RequestMappingHandlerMapping : Mapped "{[/error]}" onto public org.springframework.http.ResponseEntity<java.util.Map<java.lang.String, java.lang.Object>> org.springframework.boot.autoconfigure.web.servlet.error.BasicErrorController.error(javax.servlet.http.HttpServletRequest)
2019-01-09 16:11:38.391  INFO 16752 --- [    Test worker] pertySourcedRequestMappingHandlerMapping : Mapped URL path [/v2/api-docs] onto method [public org.springframework.http.ResponseEntity<springfox.documentation.spring.web.json.Json> springfox.documentation.swagger2.web.Swagger2Controller.getDocumentation(java.lang.String,javax.servlet.http.HttpServletRequest)]
2019-01-09 16:11:38.818  INFO 16752 --- [    Test worker] o.s.s.web.DefaultSecurityFilterChain     : Creating filter chain: org.springframework.security.web.util.matcher.AnyRequestMatcher@1, [org.springframework.security.web.context.request.async.WebAsyncManagerIntegrationFilter@6d110d06, org.springframework.security.web.context.SecurityContextPersistenceFilter@3b0ef5ab, org.springframework.security.web.header.HeaderWriterFilter@7e09e590, org.springframework.web.filter.CorsFilter@5f233e7b, org.springframework.security.web.authentication.logout.LogoutFilter@7e259d64, com.kiddyMarket.Security.JwtAuthenticationFilter@6171626f, com.kiddyMarket.Security.JwtAuthorizationFilter@14c0584d, org.springframework.security.web.savedrequest.RequestCacheAwareFilter@22f8b126, org.springframework.security.web.servletapi.SecurityContextHolderAwareRequestFilter@16f2f5fc, org.springframework.security.web.authentication.AnonymousAuthenticationFilter@71dc1eee, org.springframework.security.web.session.SessionManagementFilter@1384f9dc, org.springframework.security.web.access.ExceptionTranslationFilter@50eaed2b, org.springframework.security.web.access.intercept.FilterSecurityInterceptor@27a9b7c5]
2019-01-09 16:11:39.239  INFO 16752 --- [    Test worker] o.s.w.s.handler.SimpleUrlHandlerMapping  : Mapped URL path [/**/favicon.ico] onto handler of type [class org.springframework.web.servlet.resource.ResourceHttpRequestHandler]
2019-01-09 16:11:39.647  INFO 16752 --- [    Test worker] s.w.s.m.m.a.RequestMappingHandlerAdapter : Looking for @ControllerAdvice: org.springframework.web.context.support.GenericWebApplicationContext@40d764e2: startup date [Wed Jan 09 16:11:30 CET 2019]; root of context hierarchy
2019-01-09 16:11:39.757  INFO 16752 --- [    Test worker] o.s.w.s.handler.SimpleUrlHandlerMapping  : Mapped URL path [/webjars/**] onto handler of type [class org.springframework.web.servlet.resource.ResourceHttpRequestHandler]
2019-01-09 16:11:39.757  INFO 16752 --- [    Test worker] o.s.w.s.handler.SimpleUrlHandlerMapping  : Mapped URL path [/**] onto handler of type [class org.springframework.web.servlet.resource.ResourceHttpRequestHandler]
2019-01-09 16:11:40.322  INFO 16752 --- [    Test worker] o.s.c.support.DefaultLifecycleProcessor  : Starting beans in phase 2147483647
2019-01-09 16:11:40.323  INFO 16752 --- [    Test worker] d.s.w.p.DocumentationPluginsBootstrapper : Context refreshed
2019-01-09 16:11:40.375  INFO 16752 --- [    Test worker] d.s.w.p.DocumentationPluginsBootstrapper : Found 1 custom documentation plugin(s)
2019-01-09 16:11:40.453  INFO 16752 --- [    Test worker] s.d.s.w.s.ApiListingReferenceScanner     : Scanning for api listing references
2019-01-09 16:11:40.869  INFO 16752 --- [    Test worker] AccountLogicIntegrationTest              : Started AccountLogicIntegrationTest in 11.019 seconds (JVM running for 13.564)
2019-01-09 16:11:41.623  INFO 16752 --- [    Test worker] o.s.t.c.transaction.TransactionContext   : Began transaction (1) for test context [DefaultTestContext@84a3e1f testClass = AccountLogicIntegrationTest, testInstance = AccountLogicIntegrationTest@6336a0ba, testMethod = testGetOffersFromAccount@AccountLogicIntegrationTest, testException = [null], mergedContextConfiguration = [WebMergedContextConfiguration@6fc25ffe testClass = AccountLogicIntegrationTest, locations = '{}', classes = '{class com.kiddyMarket.App, class com.kiddyMarket.App}', contextInitializerClasses = '[]', activeProfiles = '{}', propertySourceLocations = '{}', propertySourceProperties = '{org.springframework.boot.test.context.SpringBootTestContextBootstrapper=true}', contextCustomizers = set[org.springframework.boot.test.autoconfigure.properties.PropertyMappingContextCustomizer@0, org.springframework.boot.test.autoconfigure.web.servlet.WebDriverContextCustomizerFactory$Customizer@4cca86b1, org.springframework.boot.test.context.filter.ExcludeFilterContextCustomizer@24e5c6f4, org.springframework.boot.test.json.DuplicateJsonObjectContextCustomizerFactory$DuplicateJsonObjectContextCustomizer@762b995c, org.springframework.boot.test.mock.mockito.MockitoContextCustomizer@0, org.springframework.boot.test.web.client.TestRestTemplateContextCustomizer@6c8a78dd, org.springframework.test.context.web.socket.MockServerContainerContextCustomizer@6edeca95], resourceBasePath = 'src/main/webapp', contextLoader = 'org.springframework.boot.test.context.SpringBootContextLoader', parent = [null]], attributes = map['org.springframework.test.context.web.ServletTestExecutionListener.activateListener' -> true, 'org.springframework.test.context.web.ServletTestExecutionListener.populatedRequestContextHolder' -> true, 'org.springframework.test.context.web.ServletTestExecutionListener.resetRequestContextHolder' -> true]]; transaction manager [org.springframework.orm.jpa.JpaTransactionManager@5f64c7b4]; rollback [true]
Hibernate: insert into offer (item_id, news, offer_created, offer_name, price, quality, sender_bank_number, sender_id, sold) values (?, ?, ?, ?, ?, ?, ?, ?, ?)
Hibernate: insert into offer (item_id, news, offer_created, offer_name, price, quality, sender_bank_number, sender_id, sold) values (?, ?, ?, ?, ?, ?, ?, ?, ?)
Hibernate: select account0_.account_id as account_1_0_0_, account0_.buy_tokens as buy_toke2_0_0_, account0_.username as username3_0_0_ from account account0_ where account0_.account_id=?
2019-01-09 16:11:42.003  INFO 16752 --- [    Test worker] o.s.t.c.transaction.TransactionContext   : Rolled back transaction for test: [DefaultTestContext@84a3e1f testClass = AccountLogicIntegrationTest, testInstance = AccountLogicIntegrationTest@6336a0ba, testMethod = testGetOffersFromAccount@AccountLogicIntegrationTest, testException = [null], mergedContextConfiguration = [WebMergedContextConfiguration@6fc25ffe testClass = AccountLogicIntegrationTest, locations = '{}', classes = '{class com.kiddyMarket.App, class com.kiddyMarket.App}', contextInitializerClasses = '[]', activeProfiles = '{}', propertySourceLocations = '{}', propertySourceProperties = '{org.springframework.boot.test.context.SpringBootTestContextBootstrapper=true}', contextCustomizers = set[org.springframework.boot.test.autoconfigure.properties.PropertyMappingContextCustomizer@0, org.springframework.boot.test.autoconfigure.web.servlet.WebDriverContextCustomizerFactory$Customizer@4cca86b1, org.springframework.boot.test.context.filter.ExcludeFilterContextCustomizer@24e5c6f4, org.springframework.boot.test.json.DuplicateJsonObjectContextCustomizerFactory$DuplicateJsonObjectContextCustomizer@762b995c, org.springframework.boot.test.mock.mockito.MockitoContextCustomizer@0, org.springframework.boot.test.web.client.TestRestTemplateContextCustomizer@6c8a78dd, org.springframework.test.context.web.socket.MockServerContainerContextCustomizer@6edeca95], resourceBasePath = 'src/main/webapp', contextLoader = 'org.springframework.boot.test.context.SpringBootContextLoader', parent = [null]], attributes = map['org.springframework.test.context.web.ServletTestExecutionListener.activateListener' -> true, 'org.springframework.test.context.web.ServletTestExecutionListener.populatedRequestContextHolder' -> true, 'org.springframework.test.context.web.ServletTestExecutionListener.resetRequestContextHolder' -> true]]
]]></system-out>
  <system-err><![CDATA[]]></system-err>
</testsuite>
