<?xml version="1.0" encoding="UTF-8"?>
<testsuite name="com.kiddyMarket.LogicTests.AccountLogicTest" tests="10" skipped="0" failures="0" errors="0" timestamp="2019-01-09T15:11:24" hostname="DESKTOP-76HSFAI" time="0.146">
  <properties/>
  <testcase name="testDeleteBankAccountValid" classname="com.kiddyMarket.LogicTests.AccountLogicTest" time="0.1"/>
  <testcase name="testCreateBankAccountInvalidFormWrapperEmpty" classname="com.kiddyMarket.LogicTests.AccountLogicTest" time="0.014"/>
  <testcase name="testDeleteBankAccountInvalid" classname="com.kiddyMarket.LogicTests.AccountLogicTest" time="0.001"/>
  <testcase name="testGetNewOffersFromAccountValid" classname="com.kiddyMarket.LogicTests.AccountLogicTest" time="0.007"/>
  <testcase name="testGetNewOffersFromAccountInvalid" classname="com.kiddyMarket.LogicTests.AccountLogicTest" time="0.001"/>
  <testcase name="testChangeOfferNewsValid" classname="com.kiddyMarket.LogicTests.AccountLogicTest" time="0.002"/>
  <testcase name="testCreateBankAccountValid" classname="com.kiddyMarket.LogicTests.AccountLogicTest" time="0.006"/>
  <testcase name="testGetOfferFromAccountInvalid" classname="com.kiddyMarket.LogicTests.AccountLogicTest" time="0.002"/>
  <testcase name="testGetOffersFromAccountValid" classname="com.kiddyMarket.LogicTests.AccountLogicTest" time="0.001"/>
  <testcase name="testChangeOfferNewsInvalid" classname="com.kiddyMarket.LogicTests.AccountLogicTest" time="0.001"/>
  <system-out><![CDATA[]]></system-out>
  <system-err><![CDATA[]]></system-err>
</testsuite>
