<?xml version="1.0" encoding="UTF-8"?>
<testsuite name="com.kiddyMarket.LogicTests.OfferLogicTest" tests="15" skipped="0" failures="0" errors="0" timestamp="2019-01-09T15:11:24" hostname="DESKTOP-76HSFAI" time="0.092">
  <properties/>
  <testcase name="testCreateOfferInvalidNoAccount" classname="com.kiddyMarket.LogicTests.OfferLogicTest" time="0.045"/>
  <testcase name="testCreateOfferInvalidEmptyOfferValues" classname="com.kiddyMarket.LogicTests.OfferLogicTest" time="0.001"/>
  <testcase name="testAcceptOfferValid" classname="com.kiddyMarket.LogicTests.OfferLogicTest" time="0.006"/>
  <testcase name="testAcceptOfferInvalidBankNumber" classname="com.kiddyMarket.LogicTests.OfferLogicTest" time="0.002"/>
  <testcase name="testUpdateOfferInvalid" classname="com.kiddyMarket.LogicTests.OfferLogicTest" time="0.001"/>
  <testcase name="testDeleteOfferInvalidOfferNotPresent" classname="com.kiddyMarket.LogicTests.OfferLogicTest" time="0.001"/>
  <testcase name="testAcceptOfferInvalidNoBankAccountFound" classname="com.kiddyMarket.LogicTests.OfferLogicTest" time="0.003"/>
  <testcase name="testDeleteOfferInvalidAccountDoesntContainOffer" classname="com.kiddyMarket.LogicTests.OfferLogicTest" time="0.001"/>
  <testcase name="testAcceptOfferInvalidAccountDoesNotHaveAnyBankAccounts" classname="com.kiddyMarket.LogicTests.OfferLogicTest" time="0.002"/>
  <testcase name="testCreateOfferValid" classname="com.kiddyMarket.LogicTests.OfferLogicTest" time="0.005"/>
  <testcase name="testAcceptOfferInvalidAccountNotEnoughBuyTokens" classname="com.kiddyMarket.LogicTests.OfferLogicTest" time="0.001"/>
  <testcase name="testDeleteOfferValid" classname="com.kiddyMarket.LogicTests.OfferLogicTest" time="0.002"/>
  <testcase name="testCreateOfferInvalidNoBankAccount" classname="com.kiddyMarket.LogicTests.OfferLogicTest" time="0.002"/>
  <testcase name="testAcceptOfferInvalidNotEnoughBalance" classname="com.kiddyMarket.LogicTests.OfferLogicTest" time="0.002"/>
  <testcase name="testUpdateOfferValid" classname="com.kiddyMarket.LogicTests.OfferLogicTest" time="0.003"/>
  <system-out><![CDATA[]]></system-out>
  <system-err><![CDATA[]]></system-err>
</testsuite>
